{"/home/jniemine/Workspace/Fullstackopen/osa5/bloglist-frontend/src/App.js": {"path":"/home/jniemine/Workspace/Fullstackopen/osa5/bloglist-frontend/src/App.js","statementMap":{"0":{"start":{"line":10,"column":12},"end":{"line":91,"column":1}},"1":{"start":{"line":11,"column":28},"end":{"line":11,"column":40}},"2":{"start":{"line":12,"column":44},"end":{"line":15,"column":4}},"3":{"start":{"line":16,"column":26},"end":{"line":16,"column":40}},"4":{"start":{"line":17,"column":42},"end":{"line":17,"column":54}},"5":{"start":{"line":18,"column":35},"end":{"line":18,"column":47}},"6":{"start":{"line":19,"column":22},"end":{"line":19,"column":30}},"7":{"start":{"line":21,"column":2},"end":{"line":29,"column":8}},"8":{"start":{"line":22,"column":4},"end":{"line":28,"column":5}},"9":{"start":{"line":23,"column":23},"end":{"line":23,"column":71}},"10":{"start":{"line":24,"column":25},"end":{"line":24,"column":45}},"11":{"start":{"line":25,"column":6},"end":{"line":25,"column":25}},"12":{"start":{"line":27,"column":6},"end":{"line":27,"column":28}},"13":{"start":{"line":31,"column":2},"end":{"line":37,"column":12}},"14":{"start":{"line":32,"column":4},"end":{"line":36,"column":5}},"15":{"start":{"line":33,"column":6},"end":{"line":35,"column":7}},"16":{"start":{"line":34,"column":8},"end":{"line":34,"column":25}},"17":{"start":{"line":39,"column":22},"end":{"line":54,"column":3}},"18":{"start":{"line":40,"column":4},"end":{"line":40,"column":26}},"19":{"start":{"line":41,"column":4},"end":{"line":53,"column":5}},"20":{"start":{"line":42,"column":23},"end":{"line":42,"column":68}},"21":{"start":{"line":43,"column":6},"end":{"line":45,"column":7}},"22":{"start":{"line":46,"column":6},"end":{"line":48,"column":7}},"23":{"start":{"line":49,"column":6},"end":{"line":49,"column":23}},"24":{"start":{"line":50,"column":6},"end":{"line":50,"column":52}},"25":{"start":{"line":52,"column":6},"end":{"line":52,"column":44}},"26":{"start":{"line":56,"column":23},"end":{"line":60,"column":3}},"27":{"start":{"line":57,"column":4},"end":{"line":57,"column":55}},"28":{"start":{"line":58,"column":4},"end":{"line":58,"column":52}},"29":{"start":{"line":59,"column":4},"end":{"line":59,"column":17}},"30":{"start":{"line":62,"column":18},"end":{"line":76,"column":3}},"31":{"start":{"line":63,"column":20},"end":{"line":67,"column":5}},"32":{"start":{"line":68,"column":4},"end":{"line":75,"column":5}},"33":{"start":{"line":69,"column":23},"end":{"line":69,"column":54}},"34":{"start":{"line":70,"column":6},"end":{"line":70,"column":36}},"35":{"start":{"line":71,"column":6},"end":{"line":71,"column":63}},"36":{"start":{"line":72,"column":6},"end":{"line":72,"column":41}},"37":{"start":{"line":74,"column":6},"end":{"line":74,"column":62}},"38":{"start":{"line":78,"column":2},"end":{"line":87,"column":5}},"39":{"start":{"line":79,"column":4},"end":{"line":87,"column":5}},"40":{"start":{"line":88,"column":2},"end":{"line":90,"column":3}}},"fnMap":{"0":{"name":"(anonymous_0)","decl":{"start":{"line":10,"column":12},"end":{"line":10,"column":13}},"loc":{"start":{"line":10,"column":18},"end":{"line":91,"column":1}},"line":10},"1":{"name":"(anonymous_1)","decl":{"start":{"line":21,"column":12},"end":{"line":21,"column":13}},"loc":{"start":{"line":21,"column":18},"end":{"line":29,"column":3}},"line":21},"2":{"name":"(anonymous_2)","decl":{"start":{"line":31,"column":12},"end":{"line":31,"column":13}},"loc":{"start":{"line":31,"column":18},"end":{"line":37,"column":3}},"line":31},"3":{"name":"(anonymous_3)","decl":{"start":{"line":33,"column":32},"end":{"line":33,"column":33}},"loc":{"start":{"line":34,"column":8},"end":{"line":34,"column":25}},"line":34},"4":{"name":"(anonymous_4)","decl":{"start":{"line":39,"column":22},"end":{"line":39,"column":23}},"loc":{"start":{"line":39,"column":39},"end":{"line":54,"column":3}},"line":39},"5":{"name":"(anonymous_5)","decl":{"start":{"line":56,"column":23},"end":{"line":56,"column":24}},"loc":{"start":{"line":56,"column":29},"end":{"line":60,"column":3}},"line":56},"6":{"name":"(anonymous_6)","decl":{"start":{"line":62,"column":18},"end":{"line":62,"column":19}},"loc":{"start":{"line":62,"column":47},"end":{"line":76,"column":3}},"line":62}},"branchMap":{"0":{"loc":{"start":{"line":32,"column":4},"end":{"line":36,"column":5}},"type":"if","locations":[{"start":{"line":32,"column":4},"end":{"line":36,"column":5}},{"start":{},"end":{}}],"line":32},"1":{"loc":{"start":{"line":78,"column":2},"end":{"line":87,"column":5}},"type":"if","locations":[{"start":{"line":78,"column":2},"end":{"line":87,"column":5}},{"start":{},"end":{}}],"line":78}},"s":{"0":0,"1":0,"2":0,"3":0,"4":0,"5":0,"6":0,"7":0,"8":0,"9":0,"10":0,"11":0,"12":0,"13":0,"14":0,"15":0,"16":0,"17":0,"18":0,"19":0,"20":0,"21":0,"22":0,"23":0,"24":0,"25":0,"26":0,"27":0,"28":0,"29":0,"30":0,"31":0,"32":0,"33":0,"34":0,"35":0,"36":0,"37":0,"38":0,"39":0,"40":0},"f":{"0":0,"1":0,"2":0,"3":0,"4":0,"5":0,"6":0},"b":{"0":[0,0],"1":[0,0]}}
,"/home/jniemine/Workspace/Fullstackopen/osa5/bloglist-frontend/src/index.js": {"path":"/home/jniemine/Workspace/Fullstackopen/osa5/bloglist-frontend/src/index.js","statementMap":{"0":{"start":{"line":6,"column":0},"end":{"line":6,"column":68}}},"fnMap":{},"branchMap":{},"s":{"0":0},"f":{},"b":{}}
,"/home/jniemine/Workspace/Fullstackopen/osa5/bloglist-frontend/src/components/Blog.js": {"path":"/home/jniemine/Workspace/Fullstackopen/osa5/bloglist-frontend/src/components/Blog.js","statementMap":{"0":{"start":{"line":6,"column":13},"end":{"line":59,"column":1}},"1":{"start":{"line":7,"column":26},"end":{"line":7,"column":41}},"2":{"start":{"line":8,"column":34},"end":{"line":8,"column":50}},"3":{"start":{"line":9,"column":19},"end":{"line":9,"column":50}},"4":{"start":{"line":11,"column":21},"end":{"line":15,"column":3}},"5":{"start":{"line":12,"column":23},"end":{"line":12,"column":28}},"6":{"start":{"line":13,"column":4},"end":{"line":13,"column":23}},"7":{"start":{"line":14,"column":4},"end":{"line":14,"column":52}},"8":{"start":{"line":17,"column":21},"end":{"line":30,"column":3}},"9":{"start":{"line":18,"column":20},"end":{"line":18,"column":81}},"10":{"start":{"line":19,"column":4},"end":{"line":29,"column":5}},"11":{"start":{"line":20,"column":6},"end":{"line":28,"column":7}},"12":{"start":{"line":21,"column":25},"end":{"line":21,"column":55}},"13":{"start":{"line":22,"column":8},"end":{"line":25,"column":9}},"14":{"start":{"line":23,"column":27},"end":{"line":23,"column":55}},"15":{"start":{"line":24,"column":10},"end":{"line":24,"column":28}},"16":{"start":{"line":27,"column":8},"end":{"line":27,"column":32}},"17":{"start":{"line":32,"column":18},"end":{"line":43,"column":3}},"18":{"start":{"line":33,"column":4},"end":{"line":33,"column":27}},"19":{"start":{"line":34,"column":21},"end":{"line":34,"column":34}},"20":{"start":{"line":35,"column":24},"end":{"line":35,"column":58}},"21":{"start":{"line":36,"column":4},"end":{"line":36,"column":33}},"22":{"start":{"line":37,"column":4},"end":{"line":37,"column":22}},"23":{"start":{"line":38,"column":4},"end":{"line":42,"column":5}},"24":{"start":{"line":39,"column":6},"end":{"line":39,"column":37}},"25":{"start":{"line":41,"column":6},"end":{"line":41,"column":30}},"26":{"start":{"line":45,"column":2},"end":{"line":58,"column":3}},"27":{"start":{"line":61,"column":0},"end":{"line":66,"column":1}}},"fnMap":{"0":{"name":"(anonymous_0)","decl":{"start":{"line":6,"column":13},"end":{"line":6,"column":14}},"loc":{"start":{"line":6,"column":54},"end":{"line":59,"column":1}},"line":6},"1":{"name":"(anonymous_1)","decl":{"start":{"line":11,"column":21},"end":{"line":11,"column":22}},"loc":{"start":{"line":11,"column":27},"end":{"line":15,"column":3}},"line":11},"2":{"name":"(anonymous_2)","decl":{"start":{"line":17,"column":21},"end":{"line":17,"column":22}},"loc":{"start":{"line":17,"column":32},"end":{"line":30,"column":3}},"line":17},"3":{"name":"(anonymous_3)","decl":{"start":{"line":32,"column":18},"end":{"line":32,"column":19}},"loc":{"start":{"line":32,"column":35},"end":{"line":43,"column":3}},"line":32}},"branchMap":{"0":{"loc":{"start":{"line":9,"column":30},"end":{"line":9,"column":48}},"type":"cond-expr","locations":[{"start":{"line":9,"column":37},"end":{"line":9,"column":39}},{"start":{"line":9,"column":42},"end":{"line":9,"column":48}}],"line":9},"1":{"loc":{"start":{"line":14,"column":4},"end":{"line":14,"column":52}},"type":"cond-expr","locations":[{"start":{"line":14,"column":17},"end":{"line":14,"column":33}},{"start":{"line":14,"column":36},"end":{"line":14,"column":52}}],"line":14},"2":{"loc":{"start":{"line":19,"column":4},"end":{"line":29,"column":5}},"type":"if","locations":[{"start":{"line":19,"column":4},"end":{"line":29,"column":5}},{"start":{},"end":{}}],"line":19},"3":{"loc":{"start":{"line":22,"column":8},"end":{"line":25,"column":9}},"type":"if","locations":[{"start":{"line":22,"column":8},"end":{"line":25,"column":9}},{"start":{},"end":{}}],"line":22},"4":{"loc":{"start":{"line":49,"column":7},"end":{"line":55,"column":12}},"type":"binary-expr","locations":[{"start":{"line":49,"column":7},"end":{"line":49,"column":11}},{"start":{"line":50,"column":6},"end":{"line":55,"column":12}}],"line":49}},"s":{"0":1,"1":3,"2":3,"3":3,"4":3,"5":2,"6":2,"7":2,"8":3,"9":0,"10":0,"11":0,"12":0,"13":0,"14":0,"15":0,"16":0,"17":3,"18":0,"19":0,"20":0,"21":0,"22":0,"23":0,"24":0,"25":0,"26":3,"27":1},"f":{"0":3,"1":2,"2":0,"3":0},"b":{"0":[1,2],"1":[2,0],"2":[0,0],"3":[0,0],"4":[3,1]},"_coverageSchema":"1a1c01bbd47fc00a2c39e90264f33305004495a9","hash":"e3c07a96176fcda59866d3b2247a336b327b42bf"}
,"/home/jniemine/Workspace/Fullstackopen/osa5/bloglist-frontend/src/components/Bloglist.js": {"path":"/home/jniemine/Workspace/Fullstackopen/osa5/bloglist-frontend/src/components/Bloglist.js","statementMap":{"0":{"start":{"line":4,"column":17},"end":{"line":18,"column":4}},"1":{"start":{"line":5,"column":19},"end":{"line":11,"column":3}},"2":{"start":{"line":6,"column":4},"end":{"line":7,"column":15}},"3":{"start":{"line":7,"column":6},"end":{"line":7,"column":15}},"4":{"start":{"line":8,"column":4},"end":{"line":9,"column":14}},"5":{"start":{"line":9,"column":6},"end":{"line":9,"column":14}},"6":{"start":{"line":10,"column":4},"end":{"line":10,"column":12}},"7":{"start":{"line":12,"column":2},"end":{"line":18,"column":3}},"8":{"start":{"line":14,"column":28},"end":{"line":14,"column":54}},"9":{"start":{"line":15,"column":8},"end":{"line":15,"column":92}},"10":{"start":{"line":20,"column":0},"end":{"line":23,"column":1}}},"fnMap":{"0":{"name":"(anonymous_0)","decl":{"start":{"line":4,"column":17},"end":{"line":4,"column":18}},"loc":{"start":{"line":4,"column":42},"end":{"line":18,"column":4}},"line":4},"1":{"name":"(anonymous_1)","decl":{"start":{"line":5,"column":19},"end":{"line":5,"column":20}},"loc":{"start":{"line":5,"column":29},"end":{"line":11,"column":3}},"line":5},"2":{"name":"(anonymous_2)","decl":{"start":{"line":14,"column":18},"end":{"line":14,"column":19}},"loc":{"start":{"line":14,"column":28},"end":{"line":14,"column":54}},"line":14},"3":{"name":"(anonymous_3)","decl":{"start":{"line":14,"column":60},"end":{"line":14,"column":61}},"loc":{"start":{"line":15,"column":8},"end":{"line":15,"column":92}},"line":15}},"branchMap":{"0":{"loc":{"start":{"line":6,"column":4},"end":{"line":7,"column":15}},"type":"if","locations":[{"start":{"line":6,"column":4},"end":{"line":7,"column":15}},{"start":{},"end":{}}],"line":6},"1":{"loc":{"start":{"line":8,"column":4},"end":{"line":9,"column":14}},"type":"if","locations":[{"start":{"line":8,"column":4},"end":{"line":9,"column":14}},{"start":{},"end":{}}],"line":8}},"s":{"0":0,"1":0,"2":0,"3":0,"4":0,"5":0,"6":0,"7":0,"8":0,"9":0,"10":0},"f":{"0":0,"1":0,"2":0,"3":0},"b":{"0":[0,0],"1":[0,0]}}
,"/home/jniemine/Workspace/Fullstackopen/osa5/bloglist-frontend/src/components/Errornotification.js": {"path":"/home/jniemine/Workspace/Fullstackopen/osa5/bloglist-frontend/src/components/Errornotification.js","statementMap":{"0":{"start":{"line":3,"column":26},"end":{"line":16,"column":1}},"1":{"start":{"line":4,"column":2},"end":{"line":5,"column":15}},"2":{"start":{"line":5,"column":4},"end":{"line":5,"column":15}},"3":{"start":{"line":7,"column":2},"end":{"line":9,"column":10}},"4":{"start":{"line":8,"column":4},"end":{"line":8,"column":18}},"5":{"start":{"line":11,"column":2},"end":{"line":15,"column":3}},"6":{"start":{"line":18,"column":0},"end":{"line":21,"column":1}}},"fnMap":{"0":{"name":"(anonymous_0)","decl":{"start":{"line":3,"column":26},"end":{"line":3,"column":27}},"loc":{"start":{"line":3,"column":53},"end":{"line":16,"column":1}},"line":3},"1":{"name":"(anonymous_1)","decl":{"start":{"line":7,"column":13},"end":{"line":7,"column":14}},"loc":{"start":{"line":7,"column":19},"end":{"line":9,"column":3}},"line":7}},"branchMap":{"0":{"loc":{"start":{"line":4,"column":2},"end":{"line":5,"column":15}},"type":"if","locations":[{"start":{"line":4,"column":2},"end":{"line":5,"column":15}},{"start":{},"end":{}}],"line":4}},"s":{"0":0,"1":0,"2":0,"3":0,"4":0,"5":0,"6":0},"f":{"0":0,"1":0},"b":{"0":[0,0]}}
,"/home/jniemine/Workspace/Fullstackopen/osa5/bloglist-frontend/src/components/Likes.js": {"path":"/home/jniemine/Workspace/Fullstackopen/osa5/bloglist-frontend/src/components/Likes.js","statementMap":{"0":{"start":{"line":3,"column":14},"end":{"line":11,"column":1}},"1":{"start":{"line":5,"column":2},"end":{"line":10,"column":3}},"2":{"start":{"line":13,"column":0},"end":{"line":16,"column":1}}},"fnMap":{"0":{"name":"(anonymous_0)","decl":{"start":{"line":3,"column":14},"end":{"line":3,"column":15}},"loc":{"start":{"line":3,"column":37},"end":{"line":11,"column":1}},"line":3}},"branchMap":{},"s":{"0":2,"1":2,"2":2},"f":{"0":2},"b":{},"_coverageSchema":"1a1c01bbd47fc00a2c39e90264f33305004495a9","hash":"6a6cb668dcb2a281e8e85add3b4ae61612c5a852"}
,"/home/jniemine/Workspace/Fullstackopen/osa5/bloglist-frontend/src/components/Login.js": {"path":"/home/jniemine/Workspace/Fullstackopen/osa5/bloglist-frontend/src/components/Login.js","statementMap":{"0":{"start":{"line":4,"column":14},"end":{"line":30,"column":1}},"1":{"start":{"line":5,"column":2},"end":{"line":29,"column":8}},"2":{"start":{"line":15,"column":36},"end":{"line":15,"column":98}},"3":{"start":{"line":24,"column":36},"end":{"line":24,"column":98}},"4":{"start":{"line":32,"column":0},"end":{"line":41,"column":1}}},"fnMap":{"0":{"name":"(anonymous_0)","decl":{"start":{"line":4,"column":14},"end":{"line":4,"column":15}},"loc":{"start":{"line":5,"column":2},"end":{"line":29,"column":8}},"line":5},"1":{"name":"(anonymous_1)","decl":{"start":{"line":15,"column":20},"end":{"line":15,"column":21}},"loc":{"start":{"line":15,"column":36},"end":{"line":15,"column":98}},"line":15},"2":{"name":"(anonymous_2)","decl":{"start":{"line":24,"column":20},"end":{"line":24,"column":21}},"loc":{"start":{"line":24,"column":36},"end":{"line":24,"column":98}},"line":24}},"branchMap":{},"s":{"0":0,"1":0,"2":0,"3":0,"4":0},"f":{"0":0,"1":0,"2":0},"b":{}}
,"/home/jniemine/Workspace/Fullstackopen/osa5/bloglist-frontend/src/components/Newblog.js": {"path":"/home/jniemine/Workspace/Fullstackopen/osa5/bloglist-frontend/src/components/Newblog.js","statementMap":{"0":{"start":{"line":4,"column":16},"end":{"line":55,"column":1}},"1":{"start":{"line":5,"column":28},"end":{"line":5,"column":40}},"2":{"start":{"line":6,"column":30},"end":{"line":6,"column":42}},"3":{"start":{"line":7,"column":24},"end":{"line":7,"column":36}},"4":{"start":{"line":9,"column":23},"end":{"line":12,"column":3}},"5":{"start":{"line":10,"column":4},"end":{"line":10,"column":26}},"6":{"start":{"line":11,"column":4},"end":{"line":11,"column":31}},"7":{"start":{"line":14,"column":2},"end":{"line":54,"column":3}},"8":{"start":{"line":25,"column":40},"end":{"line":25,"column":62}},"9":{"start":{"line":36,"column":41},"end":{"line":36,"column":64}},"10":{"start":{"line":47,"column":40},"end":{"line":47,"column":60}},"11":{"start":{"line":57,"column":0},"end":{"line":59,"column":1}}},"fnMap":{"0":{"name":"(anonymous_0)","decl":{"start":{"line":4,"column":16},"end":{"line":4,"column":17}},"loc":{"start":{"line":4,"column":33},"end":{"line":55,"column":1}},"line":4},"1":{"name":"(anonymous_1)","decl":{"start":{"line":9,"column":23},"end":{"line":9,"column":24}},"loc":{"start":{"line":9,"column":40},"end":{"line":12,"column":3}},"line":9},"2":{"name":"(anonymous_2)","decl":{"start":{"line":25,"column":24},"end":{"line":25,"column":25}},"loc":{"start":{"line":25,"column":40},"end":{"line":25,"column":62}},"line":25},"3":{"name":"(anonymous_3)","decl":{"start":{"line":36,"column":24},"end":{"line":36,"column":25}},"loc":{"start":{"line":36,"column":41},"end":{"line":36,"column":64}},"line":36},"4":{"name":"(anonymous_4)","decl":{"start":{"line":47,"column":24},"end":{"line":47,"column":25}},"loc":{"start":{"line":47,"column":40},"end":{"line":47,"column":60}},"line":47}},"branchMap":{},"s":{"0":1,"1":59,"2":59,"3":59,"4":59,"5":1,"6":1,"7":59,"8":20,"9":14,"10":24,"11":1},"f":{"0":59,"1":1,"2":20,"3":14,"4":24},"b":{},"_coverageSchema":"1a1c01bbd47fc00a2c39e90264f33305004495a9","hash":"07e32f99f77ccc86005b98e5ff2fe1bece00f9df"}
,"/home/jniemine/Workspace/Fullstackopen/osa5/bloglist-frontend/src/components/Notification.js": {"path":"/home/jniemine/Workspace/Fullstackopen/osa5/bloglist-frontend/src/components/Notification.js","statementMap":{"0":{"start":{"line":3,"column":21},"end":{"line":16,"column":1}},"1":{"start":{"line":4,"column":2},"end":{"line":5,"column":15}},"2":{"start":{"line":5,"column":4},"end":{"line":5,"column":15}},"3":{"start":{"line":7,"column":2},"end":{"line":9,"column":10}},"4":{"start":{"line":8,"column":4},"end":{"line":8,"column":23}},"5":{"start":{"line":11,"column":2},"end":{"line":15,"column":3}},"6":{"start":{"line":18,"column":0},"end":{"line":21,"column":1}}},"fnMap":{"0":{"name":"(anonymous_0)","decl":{"start":{"line":3,"column":21},"end":{"line":3,"column":22}},"loc":{"start":{"line":3,"column":55},"end":{"line":16,"column":1}},"line":3},"1":{"name":"(anonymous_1)","decl":{"start":{"line":7,"column":13},"end":{"line":7,"column":14}},"loc":{"start":{"line":7,"column":19},"end":{"line":9,"column":3}},"line":7}},"branchMap":{"0":{"loc":{"start":{"line":4,"column":2},"end":{"line":5,"column":15}},"type":"if","locations":[{"start":{"line":4,"column":2},"end":{"line":5,"column":15}},{"start":{},"end":{}}],"line":4}},"s":{"0":0,"1":0,"2":0,"3":0,"4":0,"5":0,"6":0},"f":{"0":0,"1":0},"b":{"0":[0,0]}}
,"/home/jniemine/Workspace/Fullstackopen/osa5/bloglist-frontend/src/components/Togglable.js": {"path":"/home/jniemine/Workspace/Fullstackopen/osa5/bloglist-frontend/src/components/Togglable.js","statementMap":{"0":{"start":{"line":4,"column":18},"end":{"line":31,"column":2}},"1":{"start":{"line":5,"column":32},"end":{"line":5,"column":47}},"2":{"start":{"line":7,"column":26},"end":{"line":7,"column":60}},"3":{"start":{"line":8,"column":26},"end":{"line":8,"column":60}},"4":{"start":{"line":10,"column":24},"end":{"line":12,"column":3}},"5":{"start":{"line":11,"column":4},"end":{"line":11,"column":24}},"6":{"start":{"line":14,"column":2},"end":{"line":18,"column":4}},"7":{"start":{"line":15,"column":4},"end":{"line":17,"column":5}},"8":{"start":{"line":20,"column":2},"end":{"line":30,"column":3}},"9":{"start":{"line":33,"column":0},"end":{"line":35,"column":1}},"10":{"start":{"line":37,"column":0},"end":{"line":37,"column":35}}},"fnMap":{"0":{"name":"(anonymous_0)","decl":{"start":{"line":4,"column":29},"end":{"line":4,"column":30}},"loc":{"start":{"line":4,"column":45},"end":{"line":31,"column":1}},"line":4},"1":{"name":"(anonymous_1)","decl":{"start":{"line":10,"column":24},"end":{"line":10,"column":25}},"loc":{"start":{"line":10,"column":30},"end":{"line":12,"column":3}},"line":10},"2":{"name":"(anonymous_2)","decl":{"start":{"line":14,"column":27},"end":{"line":14,"column":28}},"loc":{"start":{"line":14,"column":33},"end":{"line":18,"column":3}},"line":14}},"branchMap":{"0":{"loc":{"start":{"line":7,"column":37},"end":{"line":7,"column":58}},"type":"cond-expr","locations":[{"start":{"line":7,"column":47},"end":{"line":7,"column":53}},{"start":{"line":7,"column":56},"end":{"line":7,"column":58}}],"line":7},"1":{"loc":{"start":{"line":8,"column":37},"end":{"line":8,"column":58}},"type":"cond-expr","locations":[{"start":{"line":8,"column":47},"end":{"line":8,"column":49}},{"start":{"line":8,"column":52},"end":{"line":8,"column":58}}],"line":8}},"s":{"0":0,"1":0,"2":0,"3":0,"4":0,"5":0,"6":0,"7":0,"8":0,"9":0,"10":0},"f":{"0":0,"1":0,"2":0},"b":{"0":[0,0],"1":[0,0]}}
,"/home/jniemine/Workspace/Fullstackopen/osa5/bloglist-frontend/src/components/User.js": {"path":"/home/jniemine/Workspace/Fullstackopen/osa5/bloglist-frontend/src/components/User.js","statementMap":{"0":{"start":{"line":4,"column":13},"end":{"line":12,"column":1}},"1":{"start":{"line":5,"column":2},"end":{"line":11,"column":8}},"2":{"start":{"line":14,"column":0},"end":{"line":18,"column":1}}},"fnMap":{"0":{"name":"(anonymous_0)","decl":{"start":{"line":4,"column":13},"end":{"line":4,"column":14}},"loc":{"start":{"line":5,"column":2},"end":{"line":11,"column":8}},"line":5}},"branchMap":{},"s":{"0":0,"1":0,"2":0},"f":{"0":0},"b":{}}
,"/home/jniemine/Workspace/Fullstackopen/osa5/bloglist-frontend/src/services/blogs.js": {"path":"/home/jniemine/Workspace/Fullstackopen/osa5/bloglist-frontend/src/services/blogs.js","statementMap":{"0":{"start":{"line":2,"column":16},"end":{"line":2,"column":28}},"1":{"start":{"line":4,"column":18},"end":{"line":10,"column":1}},"2":{"start":{"line":6,"column":4},"end":{"line":8,"column":5}},"3":{"start":{"line":9,"column":2},"end":{"line":9,"column":15}},"4":{"start":{"line":12,"column":15},"end":{"line":18,"column":1}},"5":{"start":{"line":13,"column":17},"end":{"line":13,"column":28}},"6":{"start":{"line":15,"column":4},"end":{"line":16,"column":27}},"7":{"start":{"line":17,"column":2},"end":{"line":17,"column":48}},"8":{"start":{"line":17,"column":34},"end":{"line":17,"column":47}},"9":{"start":{"line":20,"column":13},"end":{"line":31,"column":1}},"10":{"start":{"line":21,"column":17},"end":{"line":21,"column":28}},"11":{"start":{"line":22,"column":15},"end":{"line":26,"column":3}},"12":{"start":{"line":28,"column":4},"end":{"line":29,"column":34}},"13":{"start":{"line":30,"column":2},"end":{"line":30,"column":48}},"14":{"start":{"line":30,"column":34},"end":{"line":30,"column":47}},"15":{"start":{"line":33,"column":12},"end":{"line":43,"column":1}},"16":{"start":{"line":34,"column":17},"end":{"line":34,"column":28}},"17":{"start":{"line":35,"column":14},"end":{"line":35,"column":37}},"18":{"start":{"line":36,"column":2},"end":{"line":42,"column":3}},"19":{"start":{"line":37,"column":21},"end":{"line":38,"column":29}},"20":{"start":{"line":39,"column":4},"end":{"line":39,"column":19}},"21":{"start":{"line":41,"column":4},"end":{"line":41,"column":28}},"22":{"start":{"line":45,"column":15},"end":{"line":55,"column":1}},"23":{"start":{"line":46,"column":17},"end":{"line":46,"column":28}},"24":{"start":{"line":47,"column":14},"end":{"line":47,"column":32}},"25":{"start":{"line":48,"column":2},"end":{"line":54,"column":3}},"26":{"start":{"line":49,"column":21},"end":{"line":50,"column":26}},"27":{"start":{"line":51,"column":4},"end":{"line":51,"column":19}},"28":{"start":{"line":53,"column":4},"end":{"line":53,"column":28}}},"fnMap":{"0":{"name":"(anonymous_0)","decl":{"start":{"line":4,"column":18},"end":{"line":4,"column":19}},"loc":{"start":{"line":4,"column":24},"end":{"line":10,"column":1}},"line":4},"1":{"name":"(anonymous_1)","decl":{"start":{"line":12,"column":15},"end":{"line":12,"column":16}},"loc":{"start":{"line":12,"column":21},"end":{"line":18,"column":1}},"line":12},"2":{"name":"(anonymous_2)","decl":{"start":{"line":17,"column":22},"end":{"line":17,"column":23}},"loc":{"start":{"line":17,"column":34},"end":{"line":17,"column":47}},"line":17},"3":{"name":"(anonymous_3)","decl":{"start":{"line":20,"column":13},"end":{"line":20,"column":14}},"loc":{"start":{"line":20,"column":41},"end":{"line":31,"column":1}},"line":20},"4":{"name":"(anonymous_4)","decl":{"start":{"line":30,"column":22},"end":{"line":30,"column":23}},"loc":{"start":{"line":30,"column":34},"end":{"line":30,"column":47}},"line":30},"5":{"name":"(anonymous_5)","decl":{"start":{"line":33,"column":12},"end":{"line":33,"column":13}},"loc":{"start":{"line":33,"column":27},"end":{"line":43,"column":1}},"line":33},"6":{"name":"(anonymous_6)","decl":{"start":{"line":45,"column":15},"end":{"line":45,"column":16}},"loc":{"start":{"line":45,"column":28},"end":{"line":55,"column":1}},"line":45}},"branchMap":{},"s":{"0":1,"1":1,"2":0,"3":0,"4":1,"5":0,"6":0,"7":0,"8":0,"9":1,"10":0,"11":0,"12":0,"13":0,"14":0,"15":1,"16":0,"17":0,"18":0,"19":0,"20":0,"21":0,"22":1,"23":0,"24":0,"25":0,"26":0,"27":0,"28":0},"f":{"0":0,"1":0,"2":0,"3":0,"4":0,"5":0,"6":0},"b":{},"_coverageSchema":"1a1c01bbd47fc00a2c39e90264f33305004495a9","hash":"5b58fd86c3af252f2c0bd1888b43a5ce16403382"}
,"/home/jniemine/Workspace/Fullstackopen/osa5/bloglist-frontend/src/services/login.js": {"path":"/home/jniemine/Workspace/Fullstackopen/osa5/bloglist-frontend/src/services/login.js","statementMap":{"0":{"start":{"line":2,"column":16},"end":{"line":2,"column":28}},"1":{"start":{"line":4,"column":18},"end":{"line":11,"column":1}},"2":{"start":{"line":5,"column":19},"end":{"line":9,"column":6}},"3":{"start":{"line":10,"column":2},"end":{"line":10,"column":36}}},"fnMap":{"0":{"name":"(anonymous_0)","decl":{"start":{"line":4,"column":18},"end":{"line":4,"column":19}},"loc":{"start":{"line":4,"column":34},"end":{"line":11,"column":1}},"line":4}},"branchMap":{},"s":{"0":0,"1":0,"2":0,"3":0},"f":{"0":0},"b":{}}
}
